<?xml version="1.0" encoding="UTF-8"?>
<!-- Generated by org.testng.reporters.JUnitReportReporter -->
<testsuite hostname="DESKTOP-TUM7H4D" failures="0" tests="5" name="com.qa.test.Test1" time="0.774" errors="0" timestamp="2022-05-14T15:52:04 IST" skipped="0">
  <testcase classname="com.qa.test.Test1" name="radio" time="0.076"/>
  <system-out/>
  <testcase classname="com.qa.test.Test1" name="submit" time="0.108"/>
  <system-out/>
  <testcase classname="com.qa.test.Test1" name="validatetitle" time="0.047"/>
  <system-out/>
  <testcase classname="com.qa.test.Test1" name="allcc" time="0.015"/>
  <system-out/>
  <testcase classname="com.qa.test.Test1" name="logindata" time="0.528"/>
  <system-out/>
</testsuite> <!-- com.qa.test.Test1 -->
